[debug] [2022-07-29T19:37:42.398Z] ----------------------------------------------------------------------
[debug] [2022-07-29T19:37:42.400Z] Command:       C:\Program Files\nodejs\node.exe C:\Program Files\nodejs\node_modules\firebase-tools\lib\bin\firebase.js init
[debug] [2022-07-29T19:37:42.400Z] CLI Version:   11.4.0
[debug] [2022-07-29T19:37:42.400Z] Platform:      win32
[debug] [2022-07-29T19:37:42.400Z] Node Version:  v16.9.0
[debug] [2022-07-29T19:37:42.401Z] Time:          Fri Jul 29 2022 22:37:42 GMT+0300 (Eastern European Summer Time)
[debug] [2022-07-29T19:37:42.401Z] ----------------------------------------------------------------------
[debug] 
[debug] [2022-07-29T19:37:42.410Z] > command requires scopes: ["email","openid","https://www.googleapis.com/auth/cloudplatformprojects.readonly","https://www.googleapis.com/auth/firebase","https://www.googleapis.com/auth/cloud-platform"]
[debug] [2022-07-29T19:37:42.410Z] > authorizing via signed-in user (pepemalamov@gmail.com)
[info] 
     ######## #### ########  ######## ########     ###     ######  ########
     ##        ##  ##     ## ##       ##     ##  ##   ##  ##       ##
     ######    ##  ########  ######   ########  #########  ######  ######
     ##        ##  ##    ##  ##       ##     ## ##     ##       ## ##
     ##       #### ##     ## ######## ########  ##     ##  ######  ########

You're about to initialize a Firebase project in this directory:

  C:\Users\Petar\MyProjects\milkoto-timer\milkoto-home-timer

[info] 
=== Project Setup
[info] 
[info] First, let's associate this project directory with a Firebase project.
[info] You can create multiple project aliases by running firebase use --add, 
[info] but for now we'll just set up a default project.
[info] 
[debug] [2022-07-29T19:38:13.231Z] >>> [apiv2][query] GET https://firebase.googleapis.com/v1beta1/projects pageSize=100
[debug] [2022-07-29T19:38:13.747Z] <<< [apiv2][status] GET https://firebase.googleapis.com/v1beta1/projects 200
[debug] [2022-07-29T19:38:13.747Z] <<< [apiv2][body] GET https://firebase.googleapis.com/v1beta1/projects [omitted]
[info] i  Using project hug-milkoto (hug-milkoto) 
[info] 
=== Hosting Setup
[info] 
[info] Your public directory is the folder (relative to your project directory) that
[info] will contain Hosting assets to be uploaded with firebase deploy. If you
[info] have a build process for your assets, use your build's output directory.
[info] 
[info] +  Wrote public/404.html 
[debug] [2022-07-29T19:38:54.666Z] >>> [apiv2][query] GET https://www.gstatic.com/firebasejs/releases.json [none]
[debug] [2022-07-29T19:38:54.739Z] <<< [apiv2][status] GET https://www.gstatic.com/firebasejs/releases.json 200
[debug] [2022-07-29T19:38:54.739Z] <<< [apiv2][body] GET https://www.gstatic.com/firebasejs/releases.json {"current":{"version":"9.9.1","browserURL":"https://www.gstatic.com/firebasejs/9.9.1/firebase.js","packageURL":"https://www.gstatic.com/firebasejs/9.9.1/firebase.tgz"},"live":{"version":"9.9","browserURL":"https://www.gstatic.com/firebasejs/live/9.9/firebase.js","packageURL":"https://www.gstatic.com/firebasejs/live/9.9/firebase.tgz"},"components":{"analytics":"https://www.gstatic.com/firebasejs/9.9.1/firebase-analytics.js","app":"https://www.gstatic.com/firebasejs/9.9.1/firebase-app.js","app-check":"https://www.gstatic.com/firebasejs/9.9.1/firebase-app-check.js","auth":"https://www.gstatic.com/firebasejs/9.9.1/firebase-auth.js","auth/cordova":"https://www.gstatic.com/firebasejs/9.9.1/firebase-auth/cordova.js","auth/react-native":"https://www.gstatic.com/firebasejs/9.9.1/firebase-auth/react-native.js","functions":"https://www.gstatic.com/firebasejs/9.9.1/firebase-functions.js","firestore":"https://www.gstatic.com/firebasejs/9.9.1/firebase-firestore.js","firestore/lite":"https://www.gstatic.com/firebasejs/9.9.1/firebase-firestore/lite.js","installations":"https://www.gstatic.com/firebasejs/9.9.1/firebase-installations.js","storage":"https://www.gstatic.com/firebasejs/9.9.1/firebase-storage.js","performance":"https://www.gstatic.com/firebasejs/9.9.1/firebase-performance.js","remote-config":"https://www.gstatic.com/firebasejs/9.9.1/firebase-remote-config.js","messaging":"https://www.gstatic.com/firebasejs/9.9.1/firebase-messaging.js","messaging/sw":"https://www.gstatic.com/firebasejs/9.9.1/firebase-messaging/sw.js","database":"https://www.gstatic.com/firebasejs/9.9.1/firebase-database.js","firestore.memory":"https://www.gstatic.com/firebasejs/9.9.1/firebase-firestore.memory.js"}}
[info] i  Skipping write of public/index.html 
[info] 
[info] i  Detected a .git folder at C:\Users\Petar\MyProjects\milkoto-timer\milkoto-home-timer 
[info] i  Authorizing with GitHub to upload your service account to a GitHub repository's secrets store. 
[info] 
[info] Visit this URL on this device to log in:
[info] https://github.com/login/oauth/authorize?client_id=89cf50f02ac6aaed3484&state=857570173&redirect_uri=http%3A%2F%2Flocalhost%3A9005&scope=read%3Auser%20repo%20public_repo
[info] 
[info] Waiting for authentication...
[debug] [2022-07-29T19:39:16.481Z] >>> [apiv2][query] POST https://github.com/login/oauth/access_token [none]
[debug] [2022-07-29T19:39:16.481Z] >>> [apiv2][body] POST https://github.com/login/oauth/access_token [stream]
[debug] [2022-07-29T19:39:16.820Z] <<< [apiv2][status] POST https://github.com/login/oauth/access_token 200
[debug] [2022-07-29T19:39:16.820Z] <<< [apiv2][body] POST https://github.com/login/oauth/access_token {"access_token":"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","token_type":"bearer","scope":"read:user,repo"}
[debug] [2022-07-29T19:39:16.833Z] >>> [apiv2][query] GET https://api.github.com/user [none]
[debug] [2022-07-29T19:39:17.134Z] <<< [apiv2][status] GET https://api.github.com/user 200
[debug] [2022-07-29T19:39:17.134Z] <<< [apiv2][body] GET https://api.github.com/user {"login":"PetarMalamov","id":58399304,"node_id":"MDQ6VXNlcjU4Mzk5MzA0","avatar_url":"https://avatars.githubusercontent.com/u/58399304?v=4","gravatar_id":"","url":"https://api.github.com/users/PetarMalamov","html_url":"https://github.com/PetarMalamov","followers_url":"https://api.github.com/users/PetarMalamov/followers","following_url":"https://api.github.com/users/PetarMalamov/following{/other_user}","gists_url":"https://api.github.com/users/PetarMalamov/gists{/gist_id}","starred_url":"https://api.github.com/users/PetarMalamov/starred{/owner}{/repo}","subscriptions_url":"https://api.github.com/users/PetarMalamov/subscriptions","organizations_url":"https://api.github.com/users/PetarMalamov/orgs","repos_url":"https://api.github.com/users/PetarMalamov/repos","events_url":"https://api.github.com/users/PetarMalamov/events{/privacy}","received_events_url":"https://api.github.com/users/PetarMalamov/received_events","type":"User","site_admin":false,"name":null,"company":null,"blog":"","location":"Plovdiv,Bulgaria","email":null,"hireable":null,"bio":null,"twitter_username":null,"public_repos":9,"public_gists":0,"followers":7,"following":7,"created_at":"2019-12-01T18:04:55Z","updated_at":"2022-06-05T15:27:30Z","private_gists":0,"total_private_repos":6,"owned_private_repos":6,"disk_usage":72730,"collaborators":1,"two_factor_authentication":false,"plan":{"name":"free","space":976562499,"collaborators":0,"private_repos":10000}}
[info] 
[info] +  Success! Logged into GitHub as PetarMalamov 
[info] 
